WARNING:root:No events for state C and year 1994
WARNING:root:No events for state O and year 1994
WARNING:root:No events for state C and year 1995
WARNING:root:No events for state O and year 1995
ERROR:root:2
WARNING:root:No events for state C and year 1994
WARNING:root:No events for state O and year 1994
WARNING:root:No events for state C and year 1995
WARNING:root:No events for state O and year 1995
WARNING:root:No events for state C and year 1994
WARNING:root:No events for state C and year 1994
WARNING:root:No events for state O and year 1994
WARNING:root:No events for state C and year 1995
WARNING:root:No events for state O and year 1995
WARNING:root:No events for state A and year 1994
WARNING:root:No events for state L and year 1994
WARNING:root:No events for state A and year 1995
WARNING:root:No events for state L and year 1995
WARNING:root:No events for state A and year 1994
WARNING:root:No events for state L and year 1994
WARNING:root:No events for state A and year 1995
WARNING:root:No events for state L and year 1995
WARNING:root:No events for state C and year 1994
WARNING:root:No events for state O and year 1994
WARNING:root:No events for state A and year 1994
WARNING:root:No events for state L and year 1994
WARNING:root:No events for state A and year 1995
WARNING:root:No events for state L and year 1995
WARNING:root:No events for state AL and year 1994
WARNING:root:No events for state AL and year 1995
WARNING:root:No events for state AL and year 1994
WARNING:root:No events for state AL and year 1995
WARNING:root:No events for state AL and year 1994
WARNING:root:No events for state AL and year 1995
